<?xml version="1.0" encoding="UTF-8"?>
<!-- Generated by org.testng.reporters.JUnitXMLReporter -->
<testsuite ignored="0" hostname="DESKTOP-QCC9OFR" failures="0" tests="3" name="Default test" time="54.079" errors="0" timestamp="2024-01-17T13:45:52 IST">
  <testcase classname="tests.LoginTest" name="loginToApplication" time="6.739"/>
  <testcase classname="tests.Add_And_Remove_Product_From_Wishlist" name="addAndRemoveProductFromWishlist" time="13.276"/>
  <testcase classname="tests.SearchAnd_AddingProductToCart" name="searchAndAddingProductToTheCart" time="14.749"/>
</testsuite> <!-- Default test -->
